============================= test session starts ==============================
platform linux -- Python 3.10.12, pytest-9.1.1, pluggy-1.6.0 -- /usr/bin/python3
cachedir: .pytest_cache
rootdir: /home/tas_ken_rt25/aurelis
configfile: pyproject.toml
collecting ... collected 50 items

tests/test_phase1_oracles.py::test_delta_update_oracle_agreement[2-2] PASSED [  2%]
tests/test_phase1_oracles.py::test_delta_update_oracle_agreement[4-4] PASSED [  4%]
tests/test_phase1_oracles.py::test_delta_update_oracle_agreement[8-6] PASSED [  6%]
tests/test_phase1_oracles.py::test_delta_update_oracle_agreement[16-12] PASSED [  8%]
tests/test_phase1_oracles.py::test_delta_update_oracle_agreement[32-16] PASSED [ 10%]
tests/test_phase1_oracles.py::test_unit_key_exact_write[2-2] PASSED      [ 12%]
tests/test_phase1_oracles.py::test_unit_key_exact_write[4-8] PASSED      [ 14%]
tests/test_phase1_oracles.py::test_unit_key_exact_write[16-16] PASSED    [ 16%]
tests/test_phase1_oracles.py::test_perturbation_energy_identity_and_nonexpansion[4] PASSED [ 18%]
tests/test_phase1_oracles.py::test_perturbation_energy_identity_and_nonexpansion[8] PASSED [ 20%]
tests/test_phase1_oracles.py::test_perturbation_energy_identity_and_nonexpansion[16] PASSED [ 22%]
tests/test_phase1_oracles.py::test_perturbation_energy_identity_and_nonexpansion[32] PASSED [ 24%]
tests/test_phase1_oracles.py::test_transport_error_decomposition[4-4] PASSED [ 26%]
tests/test_phase1_oracles.py::test_transport_error_decomposition[8-6] PASSED [ 28%]
tests/test_phase1_oracles.py::test_transport_error_decomposition[16-12] PASSED [ 30%]
tests/test_phase1_oracles.py::test_conditional_exact_hit_and_linear_reproduction[4-4] PASSED [ 32%]
tests/test_phase1_oracles.py::test_conditional_exact_hit_and_linear_reproduction[8-8] PASSED [ 34%]
tests/test_phase1_oracles.py::test_normalized_completion_balance_identity[4-4] PASSED [ 36%]
tests/test_phase1_oracles.py::test_normalized_completion_balance_identity[8-6] PASSED [ 38%]
tests/test_phase1_oracles.py::test_normalized_completion_balance_identity[16-8] PASSED [ 40%]
tests/test_phase1_oracles.py::test_completion_error_identity_both_terms[4-4] PASSED [ 42%]
tests/test_phase1_oracles.py::test_completion_error_identity_both_terms[8-6] PASSED [ 44%]
tests/test_phase1_oracles.py::test_completion_error_identity_both_terms[16-8] PASSED [ 46%]
tests/test_phase1_oracles.py::test_page_envelopes_and_certificate[4-4] PASSED [ 48%]
tests/test_phase1_oracles.py::test_page_envelopes_and_certificate[8-6] PASSED [ 50%]
tests/test_phase1_oracles.py::test_page_envelopes_and_certificate[16-8] PASSED [ 52%]
tests/test_phase1_oracles.py::test_all_pages_recovery_endpoint[4-4] PASSED [ 54%]
tests/test_phase1_oracles.py::test_all_pages_recovery_endpoint[8-6] PASSED [ 56%]
tests/test_phase1_oracles.py::test_all_pages_recovery_endpoint[16-8] PASSED [ 58%]
tests/test_phase1_oracles.py::test_per_page_comparator_equation13[4-4] PASSED [ 60%]
tests/test_phase1_oracles.py::test_per_page_comparator_equation13[8-6] PASSED [ 62%]
tests/test_phase1_oracles.py::test_per_page_comparator_equation13[16-8] PASSED [ 64%]
tests/test_phase1_oracles.py::test_streaming_vs_history_equivalence[4-4-3] PASSED [ 66%]
tests/test_phase1_oracles.py::test_streaming_vs_history_equivalence[8-6-4] PASSED [ 68%]
tests/test_phase1_pathologies.py::test_pathology_empty_remote_sets PASSED [ 70%]
tests/test_phase1_pathologies.py::test_pathology_singleton_pages PASSED  [ 72%]
tests/test_phase1_pathologies.py::test_pathology_partial_pages PASSED    [ 74%]
tests/test_phase1_pathologies.py::test_pathology_negative_query_coordinates PASSED [ 76%]
tests/test_phase1_pathologies.py::test_pathology_zero_keys PASSED        [ 78%]
tests/test_phase1_pathologies.py::test_pathology_beta_endpoints PASSED   [ 80%]
tests/test_phase1_pathologies.py::test_pathology_alpha_endpoints PASSED  [ 82%]
tests/test_phase1_pathologies.py::test_pathology_repeated_keys PASSED    [ 84%]
tests/test_phase1_pathologies.py::test_pathology_huge_value_outliers PASSED [ 86%]
tests/test_phase1_pathologies.py::test_pathology_uniform_scores PASSED   [ 88%]
tests/test_phase1_pathologies.py::test_pathology_concentrated_scores PASSED [ 90%]
tests/test_phase1_pathologies.py::test_pathology_stale_state_residuals PASSED [ 92%]
tests/test_phase1_counterexamples.py::test_counterexample_normalizer_omission PASSED [ 94%]
tests/test_phase1_counterexamples.py::test_demonstration_finite_state_recall_capacity PASSED [ 96%]
tests/test_phase1_counterexamples.py::test_demonstration_finite_softmax_not_hard_lookup PASSED [ 98%]
tests/test_phase1_counterexamples.py::test_demonstration_non_monotonic_error_reduction PASSED [100%]

============================== 50 passed in 0.72s ==============================
