============================= test session starts ==============================
platform linux -- Python 3.10.12, pytest-9.1.1, pluggy-1.6.0 -- /usr/bin/python3
cachedir: .pytest_cache
rootdir: /home/tas_ken_rt25/aurelis
configfile: pyproject.toml
testpaths: tests
collecting ... collected 83 items

tests/test_aurelis.py::test_gated_delta_update_exact_write PASSED        [  1%]
tests/test_aurelis.py::test_gated_delta_update_linearity PASSED          [  2%]
tests/test_aurelis.py::test_delta_transition_nonexpansion PASSED         [  3%]
tests/test_aurelis.py::test_bounded_read_linear_reproduction PASSED      [  4%]
tests/test_aurelis.py::test_completed_read_balance PASSED                [  6%]
tests/test_aurelis.py::test_completed_read_full_softmax_recovery PASSED  [  7%]
tests/test_aurelis.py::test_residual_certificate_bound PASSED            [  8%]
tests/test_aurelis.py::test_streaming_state_partition_and_handoff PASSED [  9%]
tests/test_aurelis.py::test_streaming_read PASSED                        [ 10%]
tests/test_phase1_counterexamples.py::test_counterexample_normalizer_omission PASSED [ 12%]
tests/test_phase1_counterexamples.py::test_demonstration_finite_state_recall_capacity PASSED [ 13%]
tests/test_phase1_counterexamples.py::test_demonstration_finite_softmax_not_hard_lookup PASSED [ 14%]
tests/test_phase1_counterexamples.py::test_demonstration_non_monotonic_error_reduction PASSED [ 15%]
tests/test_phase1_oracles.py::test_delta_update_oracle_agreement[2-2] PASSED [ 16%]
tests/test_phase1_oracles.py::test_delta_update_oracle_agreement[4-4] PASSED [ 18%]
tests/test_phase1_oracles.py::test_delta_update_oracle_agreement[8-6] PASSED [ 19%]
tests/test_phase1_oracles.py::test_delta_update_oracle_agreement[16-12] PASSED [ 20%]
tests/test_phase1_oracles.py::test_delta_update_oracle_agreement[32-16] PASSED [ 21%]
tests/test_phase1_oracles.py::test_unit_key_exact_write[2-2] PASSED      [ 22%]
tests/test_phase1_oracles.py::test_unit_key_exact_write[4-8] PASSED      [ 24%]
tests/test_phase1_oracles.py::test_unit_key_exact_write[16-16] PASSED    [ 25%]
tests/test_phase1_oracles.py::test_perturbation_energy_identity_and_nonexpansion[4] PASSED [ 26%]
tests/test_phase1_oracles.py::test_perturbation_energy_identity_and_nonexpansion[8] PASSED [ 27%]
tests/test_phase1_oracles.py::test_perturbation_energy_identity_and_nonexpansion[16] PASSED [ 28%]
tests/test_phase1_oracles.py::test_perturbation_energy_identity_and_nonexpansion[32] PASSED [ 30%]
tests/test_phase1_oracles.py::test_transport_error_decomposition[4-4] PASSED [ 31%]
tests/test_phase1_oracles.py::test_transport_error_decomposition[8-6] PASSED [ 32%]
tests/test_phase1_oracles.py::test_transport_error_decomposition[16-12] PASSED [ 33%]
tests/test_phase1_oracles.py::test_conditional_exact_hit_and_linear_reproduction[4-4] PASSED [ 34%]
tests/test_phase1_oracles.py::test_conditional_exact_hit_and_linear_reproduction[8-8] PASSED [ 36%]
tests/test_phase1_oracles.py::test_normalized_completion_balance_identity[4-4] PASSED [ 37%]
tests/test_phase1_oracles.py::test_normalized_completion_balance_identity[8-6] PASSED [ 38%]
tests/test_phase1_oracles.py::test_normalized_completion_balance_identity[16-8] PASSED [ 39%]
tests/test_phase1_oracles.py::test_completion_error_identity_both_terms[4-4] PASSED [ 40%]
tests/test_phase1_oracles.py::test_completion_error_identity_both_terms[8-6] PASSED [ 42%]
tests/test_phase1_oracles.py::test_completion_error_identity_both_terms[16-8] PASSED [ 43%]
tests/test_phase1_oracles.py::test_page_envelopes_and_certificate[4-4] PASSED [ 44%]
tests/test_phase1_oracles.py::test_page_envelopes_and_certificate[8-6] PASSED [ 45%]
tests/test_phase1_oracles.py::test_page_envelopes_and_certificate[16-8] PASSED [ 46%]
tests/test_phase1_oracles.py::test_all_pages_recovery_endpoint[4-4] PASSED [ 48%]
tests/test_phase1_oracles.py::test_all_pages_recovery_endpoint[8-6] PASSED [ 49%]
tests/test_phase1_oracles.py::test_all_pages_recovery_endpoint[16-8] PASSED [ 50%]
tests/test_phase1_oracles.py::test_per_page_comparator_equation13[4-4] PASSED [ 51%]
tests/test_phase1_oracles.py::test_per_page_comparator_equation13[8-6] PASSED [ 53%]
tests/test_phase1_oracles.py::test_per_page_comparator_equation13[16-8] PASSED [ 54%]
tests/test_phase1_oracles.py::test_streaming_vs_history_equivalence[4-4-3] PASSED [ 55%]
tests/test_phase1_oracles.py::test_streaming_vs_history_equivalence[8-6-4] PASSED [ 56%]
tests/test_phase1_pathologies.py::test_pathology_empty_remote_sets PASSED [ 57%]
tests/test_phase1_pathologies.py::test_pathology_singleton_pages PASSED  [ 59%]
tests/test_phase1_pathologies.py::test_pathology_partial_pages PASSED    [ 60%]
tests/test_phase1_pathologies.py::test_pathology_negative_query_coordinates PASSED [ 61%]
tests/test_phase1_pathologies.py::test_pathology_zero_keys PASSED        [ 62%]
tests/test_phase1_pathologies.py::test_pathology_beta_endpoints PASSED   [ 63%]
tests/test_phase1_pathologies.py::test_pathology_alpha_endpoints PASSED  [ 65%]
tests/test_phase1_pathologies.py::test_pathology_repeated_keys PASSED    [ 66%]
tests/test_phase1_pathologies.py::test_pathology_huge_value_outliers PASSED [ 67%]
tests/test_phase1_pathologies.py::test_pathology_uniform_scores PASSED   [ 68%]
tests/test_phase1_pathologies.py::test_pathology_concentrated_scores PASSED [ 69%]
tests/test_phase1_pathologies.py::test_pathology_stale_state_residuals PASSED [ 71%]
tests/test_phase2_archive.py::test_archive_empty_remote_state PASSED     [ 72%]
tests/test_phase2_archive.py::test_archive_multiple_page_boundaries PASSED [ 73%]
tests/test_phase2_archive.py::test_archive_full_softmax_recovery PASSED  [ 74%]
tests/test_phase2_archive.py::test_reading_pages_never_writes_S PASSED   [ 75%]
tests/test_phase2_archive.py::test_retrying_read_never_duplicates_observation PASSED [ 77%]
tests/test_phase2_archive.py::test_archive_per_query_causal_mask_partial_pages PASSED [ 78%]
tests/test_phase2_archive.py::test_archive_wrong_length_or_version_fails_integrity PASSED [ 79%]
tests/test_phase2_decode_equivalence.py::test_bounded_decode_equivalence[dtype0] PASSED [ 80%]
tests/test_phase2_decode_equivalence.py::test_bounded_decode_equivalence[dtype1] PASSED [ 81%]
tests/test_phase2_decode_equivalence.py::test_archive_decode_equivalence_and_history_agreement[dtype0] PASSED [ 83%]
tests/test_phase2_decode_equivalence.py::test_archive_decode_equivalence_and_history_agreement[dtype1] PASSED [ 84%]
tests/test_phase2_decode_equivalence.py::test_true_cached_decode_complexity PASSED [ 85%]
tests/test_phase2_memory_profile.py::test_bounded_state_memory_plateau PASSED [ 86%]
tests/test_phase2_memory_profile.py::test_archive_memory_growth_and_tier_labeling PASSED [ 87%]
tests/test_phase2_session_lifecycle.py::test_prefix_snapshot_restores_complete_state_tuple PASSED [ 89%]
tests/test_phase2_session_lifecycle.py::test_speculative_decoding_rollback PASSED [ 90%]
tests/test_phase2_session_lifecycle.py::test_session_fork_isolation PASSED [ 91%]
tests/test_phase2_session_lifecycle.py::test_session_reset PASSED        [ 92%]
tests/test_phase2_streaming.py::test_streaming_t_below_equal_above_window[8-8-4] PASSED [ 93%]
tests/test_phase2_streaming.py::test_streaming_t_below_equal_above_window[16-8-6] PASSED [ 95%]
tests/test_phase2_streaming.py::test_streaming_t_below_equal_above_window[32-16-8] PASSED [ 96%]
tests/test_phase2_streaming.py::test_streaming_duplicate_content_distinct_ids PASSED [ 97%]
tests/test_phase2_streaming.py::test_streaming_packed_examples_reset_isolation PASSED [ 98%]
tests/test_phase2_streaming.py::test_streaming_variable_lengths_and_interleaved_requests PASSED [100%]

============================== 83 passed in 1.27s ==============================
