============================= test session starts ==============================
platform linux -- Python 3.10.12, pytest-9.1.1, pluggy-1.6.0 -- /usr/bin/python3
cachedir: .pytest_cache
rootdir: /home/tas_ken_rt25/aurelis
configfile: pyproject.toml
testpaths: tests
collecting ... collected 116 items

tests/test_aurelis.py::test_gated_delta_update_exact_write PASSED        [  0%]
tests/test_aurelis.py::test_gated_delta_update_linearity PASSED          [  1%]
tests/test_aurelis.py::test_delta_transition_nonexpansion PASSED         [  2%]
tests/test_aurelis.py::test_bounded_read_linear_reproduction PASSED      [  3%]
tests/test_aurelis.py::test_completed_read_balance PASSED                [  4%]
tests/test_aurelis.py::test_completed_read_full_softmax_recovery PASSED  [  5%]
tests/test_aurelis.py::test_residual_certificate_bound PASSED            [  6%]
tests/test_aurelis.py::test_streaming_state_partition_and_handoff PASSED [  6%]
tests/test_aurelis.py::test_streaming_read PASSED                        [  7%]
tests/test_phase1_counterexamples.py::test_counterexample_normalizer_omission PASSED [  8%]
tests/test_phase1_counterexamples.py::test_demonstration_finite_state_recall_capacity PASSED [  9%]
tests/test_phase1_counterexamples.py::test_demonstration_finite_softmax_not_hard_lookup PASSED [ 10%]
tests/test_phase1_counterexamples.py::test_demonstration_non_monotonic_error_reduction PASSED [ 11%]
tests/test_phase1_oracles.py::test_delta_update_oracle_agreement[2-2] PASSED [ 12%]
tests/test_phase1_oracles.py::test_delta_update_oracle_agreement[4-4] PASSED [ 12%]
tests/test_phase1_oracles.py::test_delta_update_oracle_agreement[8-6] PASSED [ 13%]
tests/test_phase1_oracles.py::test_delta_update_oracle_agreement[16-12] PASSED [ 14%]
tests/test_phase1_oracles.py::test_delta_update_oracle_agreement[32-16] PASSED [ 15%]
tests/test_phase1_oracles.py::test_unit_key_exact_write[2-2] PASSED      [ 16%]
tests/test_phase1_oracles.py::test_unit_key_exact_write[4-8] PASSED      [ 17%]
tests/test_phase1_oracles.py::test_unit_key_exact_write[16-16] PASSED    [ 18%]
tests/test_phase1_oracles.py::test_perturbation_energy_identity_and_nonexpansion[4] PASSED [ 18%]
tests/test_phase1_oracles.py::test_perturbation_energy_identity_and_nonexpansion[8] PASSED [ 19%]
tests/test_phase1_oracles.py::test_perturbation_energy_identity_and_nonexpansion[16] PASSED [ 20%]
tests/test_phase1_oracles.py::test_perturbation_energy_identity_and_nonexpansion[32] PASSED [ 21%]
tests/test_phase1_oracles.py::test_transport_error_decomposition[4-4] PASSED [ 22%]
tests/test_phase1_oracles.py::test_transport_error_decomposition[8-6] PASSED [ 23%]
tests/test_phase1_oracles.py::test_transport_error_decomposition[16-12] PASSED [ 24%]
tests/test_phase1_oracles.py::test_conditional_exact_hit_and_linear_reproduction[4-4] PASSED [ 25%]
tests/test_phase1_oracles.py::test_conditional_exact_hit_and_linear_reproduction[8-8] PASSED [ 25%]
tests/test_phase1_oracles.py::test_normalized_completion_balance_identity[4-4] PASSED [ 26%]
tests/test_phase1_oracles.py::test_normalized_completion_balance_identity[8-6] PASSED [ 27%]
tests/test_phase1_oracles.py::test_normalized_completion_balance_identity[16-8] PASSED [ 28%]
tests/test_phase1_oracles.py::test_completion_error_identity_both_terms[4-4] PASSED [ 29%]
tests/test_phase1_oracles.py::test_completion_error_identity_both_terms[8-6] PASSED [ 30%]
tests/test_phase1_oracles.py::test_completion_error_identity_both_terms[16-8] PASSED [ 31%]
tests/test_phase1_oracles.py::test_page_envelopes_and_certificate[4-4] PASSED [ 31%]
tests/test_phase1_oracles.py::test_page_envelopes_and_certificate[8-6] PASSED [ 32%]
tests/test_phase1_oracles.py::test_page_envelopes_and_certificate[16-8] PASSED [ 33%]
tests/test_phase1_oracles.py::test_all_pages_recovery_endpoint[4-4] PASSED [ 34%]
tests/test_phase1_oracles.py::test_all_pages_recovery_endpoint[8-6] PASSED [ 35%]
tests/test_phase1_oracles.py::test_all_pages_recovery_endpoint[16-8] PASSED [ 36%]
tests/test_phase1_oracles.py::test_per_page_comparator_equation13[4-4] PASSED [ 37%]
tests/test_phase1_oracles.py::test_per_page_comparator_equation13[8-6] PASSED [ 37%]
tests/test_phase1_oracles.py::test_per_page_comparator_equation13[16-8] PASSED [ 38%]
tests/test_phase1_oracles.py::test_streaming_vs_history_equivalence[4-4-3] PASSED [ 39%]
tests/test_phase1_oracles.py::test_streaming_vs_history_equivalence[8-6-4] PASSED [ 40%]
tests/test_phase1_pathologies.py::test_pathology_empty_remote_sets PASSED [ 41%]
tests/test_phase1_pathologies.py::test_pathology_singleton_pages PASSED  [ 42%]
tests/test_phase1_pathologies.py::test_pathology_partial_pages PASSED    [ 43%]
tests/test_phase1_pathologies.py::test_pathology_negative_query_coordinates PASSED [ 43%]
tests/test_phase1_pathologies.py::test_pathology_zero_keys PASSED        [ 44%]
tests/test_phase1_pathologies.py::test_pathology_beta_endpoints PASSED   [ 45%]
tests/test_phase1_pathologies.py::test_pathology_alpha_endpoints PASSED  [ 46%]
tests/test_phase1_pathologies.py::test_pathology_repeated_keys PASSED    [ 47%]
tests/test_phase1_pathologies.py::test_pathology_huge_value_outliers PASSED [ 48%]
tests/test_phase1_pathologies.py::test_pathology_uniform_scores PASSED   [ 49%]
tests/test_phase1_pathologies.py::test_pathology_concentrated_scores PASSED [ 50%]
tests/test_phase1_pathologies.py::test_pathology_stale_state_residuals PASSED [ 50%]
tests/test_phase2_archive.py::test_archive_empty_remote_state PASSED     [ 51%]
tests/test_phase2_archive.py::test_archive_multiple_page_boundaries PASSED [ 52%]
tests/test_phase2_archive.py::test_archive_full_softmax_recovery PASSED  [ 53%]
tests/test_phase2_archive.py::test_reading_pages_never_writes_S PASSED   [ 54%]
tests/test_phase2_archive.py::test_retrying_read_never_duplicates_observation PASSED [ 55%]
tests/test_phase2_archive.py::test_archive_per_query_causal_mask_partial_pages PASSED [ 56%]
tests/test_phase2_archive.py::test_archive_wrong_length_or_version_fails_integrity PASSED [ 56%]
tests/test_phase2_decode_equivalence.py::test_bounded_decode_equivalence[dtype0] PASSED [ 57%]
tests/test_phase2_decode_equivalence.py::test_bounded_decode_equivalence[dtype1] PASSED [ 58%]
tests/test_phase2_decode_equivalence.py::test_archive_decode_equivalence_and_history_agreement[dtype0] PASSED [ 59%]
tests/test_phase2_decode_equivalence.py::test_archive_decode_equivalence_and_history_agreement[dtype1] PASSED [ 60%]
tests/test_phase2_decode_equivalence.py::test_true_cached_decode_complexity PASSED [ 61%]
tests/test_phase2_memory_profile.py::test_bounded_state_memory_plateau PASSED [ 62%]
tests/test_phase2_memory_profile.py::test_archive_memory_growth_and_tier_labeling PASSED [ 62%]
tests/test_phase2_session_lifecycle.py::test_prefix_snapshot_restores_complete_state_tuple PASSED [ 63%]
tests/test_phase2_session_lifecycle.py::test_speculative_decoding_rollback PASSED [ 64%]
tests/test_phase2_session_lifecycle.py::test_session_fork_isolation PASSED [ 65%]
tests/test_phase2_session_lifecycle.py::test_session_reset PASSED        [ 66%]
tests/test_phase2_streaming.py::test_streaming_t_below_equal_above_window[8-8-4] PASSED [ 67%]
tests/test_phase2_streaming.py::test_streaming_t_below_equal_above_window[16-8-6] PASSED [ 68%]
tests/test_phase2_streaming.py::test_streaming_t_below_equal_above_window[32-16-8] PASSED [ 68%]
tests/test_phase2_streaming.py::test_streaming_duplicate_content_distinct_ids PASSED [ 69%]
tests/test_phase2_streaming.py::test_streaming_packed_examples_reset_isolation PASSED [ 70%]
tests/test_phase2_streaming.py::test_streaming_variable_lengths_and_interleaved_requests PASSED [ 71%]
tests/test_phase3_arithmetic_error.py::test_documented_error_bounds_dot_products PASSED [ 72%]
tests/test_phase3_arithmetic_error.py::test_numerical_allowance_delta_num_computation PASSED [ 73%]
tests/test_phase3_arithmetic_error.py::test_delta_num_bounds_floating_point_discrepancy PASSED [ 74%]
tests/test_phase3_arithmetic_error.py::test_no_arbitrary_tolerance_inflation PASSED [ 75%]
tests/test_phase3_enclosure.py::test_dense_fp64_reference_within_returned_enclosure[8-8-4-12] PASSED [ 75%]
tests/test_phase3_enclosure.py::test_dense_fp64_reference_within_returned_enclosure[16-16-8-24] PASSED [ 76%]
tests/test_phase3_enclosure.py::test_dense_fp64_reference_within_returned_enclosure[32-16-4-16] PASSED [ 77%]
tests/test_phase3_enclosure.py::test_bound_to_actual_error_ratio_greater_equal_one PASSED [ 78%]
tests/test_phase3_enclosure.py::test_separate_reporting_of_approximation_and_numerical_allowance PASSED [ 79%]
tests/test_phase3_envelopes.py::test_key_box_coordinate_containment PASSED [ 80%]
tests/test_phase3_envelopes.py::test_value_center_and_radius_containment PASSED [ 81%]
tests/test_phase3_envelopes.py::test_outward_score_interval_enclosure PASSED [ 81%]
tests/test_phase3_envelopes.py::test_outward_page_envelope_shifted_exponentials PASSED [ 82%]
tests/test_phase3_envelopes.py::test_partial_page_unsealed_handling PASSED [ 83%]
tests/test_phase3_envelopes.py::test_partial_page_per_query_causal_mask PASSED [ 84%]
tests/test_phase3_envelopes.py::test_summary_validator_detects_corrupt_summary PASSED [ 85%]
tests/test_phase3_envelopes.py::test_unread_cover_disjoint_and_complete PASSED [ 86%]
tests/test_phase3_retrieval_policy.py::test_priority_heuristic_order PASSED [ 87%]
tests/test_phase3_retrieval_policy.py::test_non_monotone_bound_candidate_retention PASSED [ 87%]
tests/test_phase3_retrieval_policy.py::test_budget_exhaustion_page_limit PASSED [ 88%]
tests/test_phase3_retrieval_policy.py::test_budget_exhaustion_byte_limit PASSED [ 89%]
tests/test_phase3_retrieval_policy.py::test_full_read_recovery PASSED    [ 90%]
tests/test_phase3_retrieval_policy.py::test_accounting_metrics_tracking PASSED [ 91%]
tests/test_phase3_stress_and_pathologies.py::test_stress_underflow PASSED [ 92%]
tests/test_phase3_stress_and_pathologies.py::test_stress_overflow PASSED [ 93%]
tests/test_phase3_stress_and_pathologies.py::test_stress_nearly_cancelled_numerators PASSED [ 93%]
tests/test_phase3_stress_and_pathologies.py::test_stress_zero_unread_mass PASSED [ 94%]
tests/test_phase3_stress_and_pathologies.py::test_stress_partial_pages PASSED [ 95%]
tests/test_phase3_stress_and_pathologies.py::test_stress_negative_query_coordinates PASSED [ 96%]
tests/test_phase3_stress_and_pathologies.py::test_stress_corrupt_bounds_injection PASSED [ 97%]
tests/test_phase3_stress_and_pathologies.py::test_stress_missing_pages PASSED [ 98%]
tests/test_phase3_stress_and_pathologies.py::test_stress_nans_and_infs PASSED [ 99%]
tests/test_phase3_stress_and_pathologies.py::test_stress_io_timeout PASSED [100%]

============================= 116 passed in 1.53s ==============================
